This is pdfTeX, Version 3.1415926-2.3-1.40.12 (MiKTeX 2.9) (preloaded format=latex 2014.9.28)  17 JUN 2015 15:13
entering extended mode
**sig-alternate.tex
(F:\工作\papers\TOIS2015\sig-alternate.tex
LaTeX2e <2011/06/27>
Babel <v3.8m> and hyphenation patterns for loaded.
(F:\工作\papers\TOIS2015\sig-alternate-2013.cls
(C:\CTEX\MiKTeX\tex\latex\graphics\epsfig.sty
Package: epsfig 1999/02/16 v1.7a (e)psfig emulation (SPQR)

(C:\CTEX\MiKTeX\tex\latex\graphics\graphicx.sty
Package: graphicx 1999/02/16 v1.0f Enhanced LaTeX Graphics (DPC,SPQR)

(C:\CTEX\MiKTeX\tex\latex\graphics\keyval.sty
Package: keyval 1999/03/16 v1.13 key=value parser (DPC)
\KV@toks@=\toks14
)
(C:\CTEX\MiKTeX\tex\latex\graphics\graphics.sty
Package: graphics 2009/02/05 v1.0o Standard LaTeX Graphics (DPC,SPQR)

(C:\CTEX\MiKTeX\tex\latex\graphics\trig.sty
Package: trig 1999/03/16 v1.09 sin cos tan (DPC)
)
(C:\CTEX\MiKTeX\tex\latex\00miktex\graphics.cfg
File: graphics.cfg 2007/01/18 v1.5 graphics configuration of teTeX/TeXLive
)
Package graphics Info: Driver file: dvips.def on input line 91.

(C:\CTEX\MiKTeX\tex\latex\graphics\dvips.def
File: dvips.def 1999/02/16 v3.0i Driver-dependant file (DPC,SPQR)
))
\Gin@req@height=\dimen102
\Gin@req@width=\dimen103
)
\epsfxsize=\dimen104
\epsfysize=\dimen105
)
(C:\CTEX\MiKTeX\tex\latex\amsfonts\amssymb.sty
Package: amssymb 2009/06/22 v3.00

(C:\CTEX\MiKTeX\tex\latex\amsfonts\amsfonts.sty
Package: amsfonts 2009/06/22 v3.00 Basic AMSFonts support
\@emptytoks=\toks15
\symAMSa=\mathgroup4
\symAMSb=\mathgroup5
LaTeX Font Info:    Overwriting math alphabet `\mathfrak' in version `bold'
(Font)                  U/euf/m/n --> U/euf/b/n on input line 96.
))
(C:\CTEX\MiKTeX\tex\latex\ams\math\amsmath.sty
Package: amsmath 2000/07/18 v2.13 AMS math features
\@mathmargin=\skip41

For additional information on amsmath, use the `?' option.
(C:\CTEX\MiKTeX\tex\latex\ams\math\amstext.sty
Package: amstext 2000/06/29 v2.01

(C:\CTEX\MiKTeX\tex\latex\ams\math\amsgen.sty
File: amsgen.sty 1999/11/30 v2.0
\@emptytoks=\toks16
\ex@=\dimen106
))
(C:\CTEX\MiKTeX\tex\latex\ams\math\amsbsy.sty
Package: amsbsy 1999/11/29 v1.2d
\pmbraise@=\dimen107
)
(C:\CTEX\MiKTeX\tex\latex\ams\math\amsopn.sty
Package: amsopn 1999/12/14 v2.01 operator names
)
\inf@bad=\count79
LaTeX Info: Redefining \frac on input line 211.
\uproot@=\count80
\leftroot@=\count81
LaTeX Info: Redefining \overline on input line 307.
\classnum@=\count82
\DOTSCASE@=\count83
LaTeX Info: Redefining \ldots on input line 379.
LaTeX Info: Redefining \dots on input line 382.
LaTeX Info: Redefining \cdots on input line 467.
\Mathstrutbox@=\box26
\strutbox@=\box27
\big@size=\dimen108
LaTeX Font Info:    Redeclaring font encoding OML on input line 567.
LaTeX Font Info:    Redeclaring font encoding OMS on input line 568.
\macc@depth=\count84
\c@MaxMatrixCols=\count85
\dotsspace@=\muskip10
\c@parentequation=\count86
\dspbrk@lvl=\count87
\tag@help=\toks17
\row@=\count88
\column@=\count89
\maxfields@=\count90
\andhelp@=\toks18
\eqnshift@=\dimen109
\alignsep@=\dimen110
\tagshift@=\dimen111
\tagwidth@=\dimen112
\totwidth@=\dimen113
\lineht@=\dimen114
\@envbody=\toks19
\multlinegap=\skip42
\multlinetaggap=\skip43
\mathdisplay@stack=\toks20
LaTeX Info: Redefining \[ on input line 2666.
LaTeX Info: Redefining \] on input line 2667.
)
Document Class 'sig-alternate' <23rd. May '12>. Modified by G.K.M. Tobin/Gerry 
Murray
Based in part upon document Style `acmconf' <22 May 89>. Hacked 4/91 by
shivers@cs.cmu.edu, 4/93 by theobald@cs.mcgill.ca
Excerpts were taken from (Journal Style) 'esub2acm.cls'.
****** Bugs/comments/suggestions/technicalities to Gerry Murray -- murray@hq.ac
m.org ******
Questions on the style, SIGS policies, etc. to Adrienne Griscti griscti@acm.org

\footheight=\dimen115
\@maxsep=\dimen116
\@dblmaxsep=\dimen117
\aucount=\count91
\originalaucount=\count92
\auwidth=\dimen118
\auskip=\dimen119
\auskipcount=\count93
\auskip=\dimen120
\allauboxes=\dimen121
\addauthors=\toks21
\addauflag=\count94
\subtitletext=\toks22
\savesection=\count95
\sectioncntr=\count96
\c@figure=\count97
\c@table=\count98
\titleboxnotes=\toks23
\titleboxnoteflag=\count99

LaTeX Warning: You have requested document class `sig-alternate-2013',
               but the document class provides `sig-alternate'.

Document Class: sig-alternate 2012/05/23 - V2.5 - based on acmproc.cls V1.3 <No
v. 30 '99>
(C:\CTEX\MiKTeX\tex\latex\base\latexsym.sty
Package: latexsym 1998/08/17 v2.2e Standard LaTeX package (lasy symbols)
\symlasy=\mathgroup6
LaTeX Font Info:    Overwriting symbol font `lasy' in version `bold'
(Font)                  U/lasy/m/n --> U/lasy/b/n on input line 47.
)
\@acmtitlebox=\box28
\titlenotecount=\count100
\tntoks=\toks24
\tntokstwo=\toks25
\tntoksthree=\toks26
\tntoksfour=\toks27
\tntoksfive=\toks28
\catcount=\count101
\copyrightnotice=\toks29
\conf=\toks30
\confinfo=\toks31
\c@part=\count102
\c@section=\count103
\c@subsection=\count104
\c@subsubsection=\count105
\c@paragraph=\count106

Using 'Abbrev' bibliography style
LaTeX Info: Redefining \cite on input line 1211.
\bibindent=\dimen122
\colcntr=\count107
\saveb@x=\box29
\copyrtyr=\toks32
\acmcopyr=\toks33
\boilerplate=\toks34
\copyrightetc=\toks35
(C:\CTEX\MiKTeX\tex\latex\base\fontenc.sty
Package: fontenc 2005/09/27 v1.99g Standard LaTeX package

(C:\CTEX\MiKTeX\tex\latex\base\t1enc.def
File: t1enc.def 2005/09/27 v1.99g Standard LaTeX file
LaTeX Font Info:    Redeclaring font encoding T1 on input line 43.
)
LaTeX Font Info:    Try loading font information for T1+aer on input line 100.
 (C:\CTEX\MiKTeX\tex\latex\ae\t1aer.fd
File: t1aer.fd 1997/11/16 Font definitions for T1/aer.
))) (C:\CTEX\UserData\tex\latex\subfigure\subfigure.sty
Package: subfigure 2002/07/30 v2.1.4 subfigure package
\subfigtopskip=\skip44
\subfigcapskip=\skip45
\subfigcaptopadj=\dimen123
\subfigbottomskip=\skip46
\subfigcapmargin=\dimen124
\subfiglabelskip=\skip47
\c@subfigure=\count108
\c@lofdepth=\count109
\c@subtable=\count110
\c@lotdepth=\count111

****************************************
* Local config file subfigure.cfg used *
****************************************
(C:\CTEX\UserData\tex\latex\subfigure\subfigure.cfg)
\subfig@top=\skip48
\subfig@bottom=\skip49
)
(C:\CTEX\UserData\tex\latex\algorithm2e\algorithm2e.sty
Package: algorithm2e 2013/01/06 v5.00 algorithms environments
\c@AlgoLine=\count112

(C:\CTEX\MiKTeX\tex\latex\base\ifthen.sty
Package: ifthen 2001/05/26 v1.1c Standard LaTeX ifthen package (DPC)
)
(C:\CTEX\MiKTeX\tex\latex\tools\xspace.sty
Package: xspace 2009/10/20 v1.13 Space after command names (DPC,MH)
)
(C:\CTEX\MiKTeX\tex\latex\ltxmisc\relsize.sty
Package: relsize 2003/07/04 ver 3.1


Package relsize Warning: Failed to get list of font sizes.
(relsize)                Falling back to old definition. on input line 81.

)
********************************************************
Package `algorithm2e' Release 5.0 -- january 06 2013 --
- algorithm2e-announce@lirmm.fr mailing list for announcement about releases
- algorithm2e-discussion@lirmm.fr mailing list for discussion about package
subscribe by emailing sympa@lirmm.fr with 'subscribe <list> <firstname name>'
- Author: Christophe Fiorio (cfiorio@um2.fr)
********************************************************
\skiptotal=\skip50
\skiplinenumber=\skip51
\skiprule=\skip52
\skiphlne=\skip53
\skiptext=\skip54
\skiplength=\skip55
\algomargin=\skip56
\skipalgocfslide=\skip57
\algowidth=\dimen125
\inoutsize=\dimen126
\inoutindent=\dimen127
\interspacetitleruled=\dimen128
\interspacealgoruled=\dimen129
\interspacetitleboxruled=\dimen130
\algocf@inoutbox=\box30
\algocf@inputbox=\box31
\AlCapSkip=\skip58
\AlCapHSkip=\skip59
\algoskipindent=\skip60
\algocf@nlbox=\box32
\algocf@hangingbox=\box33
\algocf@untilbox=\box34
\algocf@skipuntil=\skip61
\algocf@capbox=\box35
\algoheightruledefault=\skip62
\algoheightrule=\skip63
\algotitleheightruledefault=\skip64
\algotitleheightrule=\skip65
\c@algocfline=\count113
\c@algocfproc=\count114
\c@algocf=\count115
\algocf@algoframe=\box36
\algocf@algobox=\box37
) (C:\CTEX\UserData\tex\latex\algorithms\algorithmic.sty
Package: algorithmic 2009/08/24 v0.1 Document Style `algorithmic'
\c@ALC@unique=\count116
\c@ALC@line=\count117
\c@ALC@rem=\count118
\c@ALC@depth=\count119
\ALC@tlm=\skip66
\algorithmicindent=\skip67
)
(F:\工作\papers\TOIS2015\sig-alternate.aux)
LaTeX Font Info:    Checking defaults for OML/cmm/m/it on input line 69.
LaTeX Font Info:    ... okay on input line 69.
LaTeX Font Info:    Checking defaults for T1/cmr/m/n on input line 69.
LaTeX Font Info:    ... okay on input line 69.
LaTeX Font Info:    Checking defaults for OT1/cmr/m/n on input line 69.
LaTeX Font Info:    ... okay on input line 69.
LaTeX Font Info:    Checking defaults for OMS/cmsy/m/n on input line 69.
LaTeX Font Info:    ... okay on input line 69.
LaTeX Font Info:    Checking defaults for OMX/cmex/m/n on input line 69.
LaTeX Font Info:    ... okay on input line 69.
LaTeX Font Info:    Checking defaults for U/cmr/m/n on input line 69.
LaTeX Font Info:    ... okay on input line 69.
LaTeX Font Info:    Try loading font information for U+msa on input line 171.

(C:\CTEX\MiKTeX\tex\latex\amsfonts\umsa.fd
File: umsa.fd 2009/06/22 v3.00 AMS symbols A
)
LaTeX Font Info:    Try loading font information for U+msb on input line 171.

(C:\CTEX\MiKTeX\tex\latex\amsfonts\umsb.fd
File: umsb.fd 2009/06/22 v3.00 AMS symbols B
)
LaTeX Font Info:    Try loading font information for U+lasy on input line 171.

(C:\CTEX\MiKTeX\tex\latex\base\ulasy.fd
File: ulasy.fd 1998/08/17 v2.2e LaTeX symbol font definitions
)
(F:\工作\papers\TOIS2015\Abstract.tex)
(F:\工作\papers\TOIS2015\Introduction.tex
Underfull \vbox (badness 10000) has occurred while \output is active []

 [1


]
File: framework.eps Graphic file (type eps)

<framework.eps>
Underfull \vbox (badness 10000) has occurred while \output is active []

)
(F:\工作\papers\TOIS2015\Related.tex [2])
(F:\工作\papers\TOIS2015\Model.tex
File: preliminary_1.eps Graphic file (type eps)
 <preliminary_1.eps>
File: preliminary_2.eps Graphic file (type eps)
 <preliminary_2.eps>
Underfull \vbox (badness 10000) has occurred while \output is active []

 [3])
(F:\工作\papers\TOIS2015\Applications.tex
Overfull \hbox (11.44388pt too wide) in paragraph at lines 1--1
[]\secfnt SOCIAL EM-BED-DING IM-AGE DIS-TANCE
 []

[4]
Overfull \hbox (2.20891pt too wide) detected at line 28
\OMS/cmsy/m/n/9 T \OT1/cmr/m/n/9 = \OMS/cmsy/m/n/9 f\OML/cmm/m/it/9 < i; j; k >
 \OMS/cmsy/m/n/9 j\OML/cmm/m/it/9 sim[]\OT1/cmr/m/n/9 (\OMS/cmsy/m/n/9 I[]\OML/
cmm/m/it/9 ; \OMS/cmsy/m/n/9 I[]\OT1/cmr/m/n/9 ) \OML/cmm/m/it/9 > ; sim[]\OT1
/cmr/m/n/9 (\OMS/cmsy/m/n/9 I[]\OML/cmm/m/it/9 ; \OMS/cmsy/m/n/9 I[]\OT1/cmr/m/
n/9 ) \OML/cmm/m/it/9 < \OMS/cmsy/m/n/9 g\OML/cmm/m/it/9 ;
 []


Overfull \hbox (3.79634pt too wide) in paragraph at lines 33--35
 \T1/aer/m/n/9 Fol-low-ing the tra-di-tion-al margin-based met-ric learn-ing me
th-
 []


Underfull \vbox (badness 3895) has occurred while \output is active []

 [5]
Underfull \vbox (badness 10000) has occurred while \output is active []

)
(F:\工作\papers\TOIS2015\Experiments.tex
Overfull \hbox (4.85828pt too wide) in paragraph at lines 7--8
\T1/aer/m/n/9 tex-tu-al in-for-ma-tion in Flick-r through Flick-r API. This dat
aset
 []


Overfull \hbox (5.97964pt too wide) in paragraph at lines 7--8
\T1/aer/m/n/9 in-cludes 101,496 im-ages, 54,173 user-s, 6,439 group-s and 35,84
4
 []

[6]
File: effective_factor.eps Graphic file (type eps)
 <effective_factor.eps> [7]
File: effective_perform.eps Graphic file (type eps)
 <effective_perform.eps>
Underfull \vbox (badness 1067) has occurred while \output is active []

File: recommend_precision.eps Graphic file (type eps)

<recommend_precision.eps>
File: recommend_recall.eps Graphic file (type eps)
 <recommend_recall.eps> [8]
File: reranking.eps Graphic file (type eps)
 <reranking.eps>
Overfull \hbox (3.03847pt too wide) in paragraph at lines 108--109
[][]\T1/aer/m/n/9 In our ap-proach, it is very in-ter-est-ing to ob-serve the l
earned
 []

File: showcase_4.eps Graphic file (type eps)
<showcase_4.eps>
File: showcase_3.eps Graphic file (type eps)
 <showcase_3.eps>) (F:\工作\papers\TOIS2015\Conclusion.tex)
(F:\工作\papers\TOIS2015\acknowledge.tex [9])
(F:\工作\papers\TOIS2015\sig-alternate.bbl)
Underfull \vbox (badness 10000) has occurred while \output is active []

 [10]
[11

] (F:\工作\papers\TOIS2015\sig-alternate.aux) ) 
Here is how much of TeX's memory you used:
 3592 strings out of 495355
 44363 string characters out of 3183882
 130141 words of memory out of 3000000
 6685 multiletter control sequences out of 15000+200000
 54402 words of font info for 66 fonts, out of 3000000 for 9000
 14 hyphenation exceptions out of 8191
 39i,16n,26p,1885b,400s stack positions out of 5000i,500n,10000p,200000b,50000s

Output written on sig-alternate.dvi (11 pages, 97588 bytes).
